-------------------------------------------------------------------------------
Test set: com.Tester.BuchLadenTester.Controller.AuthenticationControllerIntegrationTest
-------------------------------------------------------------------------------
Tests run: 2, Failures: 0, Errors: 1, Skipped: 0, Time elapsed: 7.493 s <<< FAILURE! - in com.Tester.BuchLadenTester.Controller.AuthenticationControllerIntegrationTest
home  Time elapsed: 0 s  <<< ERROR!
java.lang.IllegalStateException: Failed to load ApplicationContext
Caused by: org.springframework.beans.factory.BeanCreationException: 
Error creating bean with name 'sendDatabase' defined in com.Tester.BuchLadenTester.BuchLadenTesterApplication: Invocation of init method failed; nested exception is org.springframework.dao.DataIntegrityViolationException: could not execute statement; SQL [n/a]; constraint ["PRIMARY KEY ON PUBLIC.AUTHOR(AUTHOR_ID) [1, DATE '2020-02-20', 'unknown', 'unknown', 'unknown unknown']"; SQL statement:
insert into author (birth_date, first_name, last_name, name, author_id) values (?, ?, ?, ?, ?) [23505-200]]; nested exception is org.hibernate.exception.ConstraintViolationException: could not execute statement
Caused by: org.springframework.dao.DataIntegrityViolationException: 
could not execute statement; SQL [n/a]; constraint ["PRIMARY KEY ON PUBLIC.AUTHOR(AUTHOR_ID) [1, DATE '2020-02-20', 'unknown', 'unknown', 'unknown unknown']"; SQL statement:
insert into author (birth_date, first_name, last_name, name, author_id) values (?, ?, ?, ?, ?) [23505-200]]; nested exception is org.hibernate.exception.ConstraintViolationException: could not execute statement
Caused by: org.hibernate.exception.ConstraintViolationException: could not execute statement
Caused by: org.h2.jdbc.JdbcSQLIntegrityConstraintViolationException: 
Unique index or primary key violation: "PRIMARY KEY ON PUBLIC.AUTHOR(AUTHOR_ID) [1, DATE '2020-02-20', 'unknown', 'unknown', 'unknown unknown']"; SQL statement:
insert into author (birth_date, first_name, last_name, name, author_id) values (?, ?, ?, ?, ?) [23505-200]

